/*C1*/SET SCHEMA PUBLIC
CONNECT USER SA
/*C2*/SET SCHEMA PUBLIC
CONNECT USER SA
/*C3*/SET SCHEMA PUBLIC
CONNECT USER SA
/*C4*/SET SCHEMA PUBLIC
CONNECT USER SA
/*C5*/SET SCHEMA PUBLIC
CONNECT USER SA
SET AUTOCOMMIT FALSE
DELETE FROM MOVIETHEATERS WHERE MOVIENAME='Fifty Shades Freed' AND THEATERNAME='Cinema City Northgate' AND SHOWTIME='13:20' AND ROW=0 AND COL=0
INSERT INTO MOVIETHEATERS VALUES('Fifty Shades Freed','Cinema City Northgate','13:20',0,0,1)
SET AUTOCOMMIT TRUE
SET AUTOCOMMIT FALSE
DELETE FROM MOVIETHEATERS WHERE MOVIENAME='Fifty Shades Freed' AND THEATERNAME='Cineplex Odeon McGillivray Cinemas' AND SHOWTIME='12:00' AND ROW=0 AND COL=0
INSERT INTO MOVIETHEATERS VALUES('Fifty Shades Freed','Cineplex Odeon McGillivray Cinemas','12:00',0,0,1)
SET AUTOCOMMIT TRUE
SET AUTOCOMMIT FALSE
DELETE FROM MOVIETHEATERS WHERE MOVIENAME='Fifty Shades Freed' AND THEATERNAME='Famous Players Kildonan Place Cinemas' AND SHOWTIME='13:30' AND ROW=0 AND COL=0
INSERT INTO MOVIETHEATERS VALUES('Fifty Shades Freed','Famous Players Kildonan Place Cinemas','13:30',0,0,1)
SET AUTOCOMMIT TRUE
SET AUTOCOMMIT FALSE
DELETE FROM MOVIETHEATERS WHERE MOVIENAME='Fifty Shades Freed' AND THEATERNAME='Scotiabank Theatre Winnipeg' AND SHOWTIME='14:40' AND ROW=0 AND COL=0
INSERT INTO MOVIETHEATERS VALUES('Fifty Shades Freed','Scotiabank Theatre Winnipeg','14:40',0,0,1)
SET AUTOCOMMIT TRUE
SET AUTOCOMMIT FALSE
DELETE FROM MOVIETHEATERS WHERE MOVIENAME='Fifty Shades Freed' AND THEATERNAME='SilverCity St.Vital Cinemas' AND SHOWTIME='14:00' AND ROW=0 AND COL=0
INSERT INTO MOVIETHEATERS VALUES('Fifty Shades Freed','SilverCity St.Vital Cinemas','14:00',0,0,1)
SET AUTOCOMMIT TRUE
/*C6*/SET SCHEMA PUBLIC
CONNECT USER SA
SET AUTOCOMMIT FALSE
DELETE FROM MOVIETHEATERS WHERE MOVIENAME='Peter Rabbit' AND THEATERNAME='Cinema City Northgate' AND SHOWTIME='14:40' AND ROW=0 AND COL=0
INSERT INTO MOVIETHEATERS VALUES('Peter Rabbit','Cinema City Northgate','14:40',0,0,1)
SET AUTOCOMMIT TRUE
SET AUTOCOMMIT FALSE
DELETE FROM MOVIETHEATERS WHERE MOVIENAME='Peter Rabbit' AND THEATERNAME='Cinema City Northgate' AND SHOWTIME='14:40' AND ROW=0 AND COL=1
INSERT INTO MOVIETHEATERS VALUES('Peter Rabbit','Cinema City Northgate','14:40',0,1,1)
SET AUTOCOMMIT TRUE
SET AUTOCOMMIT FALSE
DELETE FROM MOVIETHEATERS WHERE MOVIENAME='Peter Rabbit' AND THEATERNAME='Cinema City Northgate' AND SHOWTIME='14:40' AND ROW=0 AND COL=2
INSERT INTO MOVIETHEATERS VALUES('Peter Rabbit','Cinema City Northgate','14:40',0,2,1)
SET AUTOCOMMIT TRUE
SET AUTOCOMMIT FALSE
DELETE FROM MOVIETHEATERS WHERE MOVIENAME='Peter Rabbit' AND THEATERNAME='Cinema City Northgate' AND SHOWTIME='14:40' AND ROW=0 AND COL=3
INSERT INTO MOVIETHEATERS VALUES('Peter Rabbit','Cinema City Northgate','14:40',0,3,1)
SET AUTOCOMMIT TRUE
SET AUTOCOMMIT FALSE
DELETE FROM MOVIETHEATERS WHERE MOVIENAME='Peter Rabbit' AND THEATERNAME='Cinema City Northgate' AND SHOWTIME='14:40' AND ROW=0 AND COL=4
INSERT INTO MOVIETHEATERS VALUES('Peter Rabbit','Cinema City Northgate','14:40',0,4,1)
SET AUTOCOMMIT TRUE
SET AUTOCOMMIT FALSE
DELETE FROM MOVIETHEATERS WHERE MOVIENAME='Peter Rabbit' AND THEATERNAME='Cinema City Northgate' AND SHOWTIME='14:40' AND ROW=1 AND COL=0
INSERT INTO MOVIETHEATERS VALUES('Peter Rabbit','Cinema City Northgate','14:40',1,0,1)
SET AUTOCOMMIT TRUE
SET AUTOCOMMIT FALSE
DELETE FROM MOVIETHEATERS WHERE MOVIENAME='Peter Rabbit' AND THEATERNAME='Cinema City Northgate' AND SHOWTIME='14:40' AND ROW=1 AND COL=1
INSERT INTO MOVIETHEATERS VALUES('Peter Rabbit','Cinema City Northgate','14:40',1,1,1)
SET AUTOCOMMIT TRUE
SET AUTOCOMMIT FALSE
DELETE FROM MOVIETHEATERS WHERE MOVIENAME='Peter Rabbit' AND THEATERNAME='Cinema City Northgate' AND SHOWTIME='14:40' AND ROW=1 AND COL=2
INSERT INTO MOVIETHEATERS VALUES('Peter Rabbit','Cinema City Northgate','14:40',1,2,1)
SET AUTOCOMMIT TRUE
SET AUTOCOMMIT FALSE
DELETE FROM MOVIETHEATERS WHERE MOVIENAME='Peter Rabbit' AND THEATERNAME='Cinema City Northgate' AND SHOWTIME='14:40' AND ROW=1 AND COL=3
INSERT INTO MOVIETHEATERS VALUES('Peter Rabbit','Cinema City Northgate','14:40',1,3,1)
SET AUTOCOMMIT TRUE
SET AUTOCOMMIT FALSE
DELETE FROM MOVIETHEATERS WHERE MOVIENAME='Peter Rabbit' AND THEATERNAME='Cinema City Northgate' AND SHOWTIME='14:40' AND ROW=1 AND COL=4
INSERT INTO MOVIETHEATERS VALUES('Peter Rabbit','Cinema City Northgate','14:40',1,4,1)
SET AUTOCOMMIT TRUE
SET AUTOCOMMIT FALSE
DELETE FROM MOVIETHEATERS WHERE MOVIENAME='Peter Rabbit' AND THEATERNAME='Cinema City Northgate' AND SHOWTIME='14:40' AND ROW=2 AND COL=0
INSERT INTO MOVIETHEATERS VALUES('Peter Rabbit','Cinema City Northgate','14:40',2,0,1)
SET AUTOCOMMIT TRUE
SET AUTOCOMMIT FALSE
DELETE FROM MOVIETHEATERS WHERE MOVIENAME='Peter Rabbit' AND THEATERNAME='Cinema City Northgate' AND SHOWTIME='14:40' AND ROW=2 AND COL=1
INSERT INTO MOVIETHEATERS VALUES('Peter Rabbit','Cinema City Northgate','14:40',2,1,1)
SET AUTOCOMMIT TRUE
SET AUTOCOMMIT FALSE
DELETE FROM MOVIETHEATERS WHERE MOVIENAME='Peter Rabbit' AND THEATERNAME='Cinema City Northgate' AND SHOWTIME='14:40' AND ROW=2 AND COL=2
INSERT INTO MOVIETHEATERS VALUES('Peter Rabbit','Cinema City Northgate','14:40',2,2,1)
SET AUTOCOMMIT TRUE
SET AUTOCOMMIT FALSE
DELETE FROM MOVIETHEATERS WHERE MOVIENAME='Peter Rabbit' AND THEATERNAME='Cinema City Northgate' AND SHOWTIME='14:40' AND ROW=2 AND COL=3
INSERT INTO MOVIETHEATERS VALUES('Peter Rabbit','Cinema City Northgate','14:40',2,3,1)
SET AUTOCOMMIT TRUE
SET AUTOCOMMIT FALSE
DELETE FROM MOVIETHEATERS WHERE MOVIENAME='Peter Rabbit' AND THEATERNAME='Cinema City Northgate' AND SHOWTIME='14:40' AND ROW=2 AND COL=4
INSERT INTO MOVIETHEATERS VALUES('Peter Rabbit','Cinema City Northgate','14:40',2,4,1)
SET AUTOCOMMIT TRUE
SET AUTOCOMMIT FALSE
DELETE FROM MOVIETHEATERS WHERE MOVIENAME='Peter Rabbit' AND THEATERNAME='Cinema City Northgate' AND SHOWTIME='14:40' AND ROW=3 AND COL=0
INSERT INTO MOVIETHEATERS VALUES('Peter Rabbit','Cinema City Northgate','14:40',3,0,1)
SET AUTOCOMMIT TRUE
SET AUTOCOMMIT FALSE
DELETE FROM MOVIETHEATERS WHERE MOVIENAME='Peter Rabbit' AND THEATERNAME='Cinema City Northgate' AND SHOWTIME='14:40' AND ROW=3 AND COL=1
INSERT INTO MOVIETHEATERS VALUES('Peter Rabbit','Cinema City Northgate','14:40',3,1,1)
SET AUTOCOMMIT TRUE
SET AUTOCOMMIT FALSE
DELETE FROM MOVIETHEATERS WHERE MOVIENAME='Peter Rabbit' AND THEATERNAME='Cinema City Northgate' AND SHOWTIME='14:40' AND ROW=3 AND COL=2
INSERT INTO MOVIETHEATERS VALUES('Peter Rabbit','Cinema City Northgate','14:40',3,2,1)
SET AUTOCOMMIT TRUE
SET AUTOCOMMIT FALSE
DELETE FROM MOVIETHEATERS WHERE MOVIENAME='Peter Rabbit' AND THEATERNAME='Cinema City Northgate' AND SHOWTIME='14:40' AND ROW=3 AND COL=3
INSERT INTO MOVIETHEATERS VALUES('Peter Rabbit','Cinema City Northgate','14:40',3,3,1)
SET AUTOCOMMIT TRUE
SET AUTOCOMMIT FALSE
DELETE FROM MOVIETHEATERS WHERE MOVIENAME='Peter Rabbit' AND THEATERNAME='Cinema City Northgate' AND SHOWTIME='14:40' AND ROW=3 AND COL=4
INSERT INTO MOVIETHEATERS VALUES('Peter Rabbit','Cinema City Northgate','14:40',3,4,1)
SET AUTOCOMMIT TRUE
SET AUTOCOMMIT FALSE
DELETE FROM MOVIETHEATERS WHERE MOVIENAME='Peter Rabbit' AND THEATERNAME='Cinema City Northgate' AND SHOWTIME='14:40' AND ROW=4 AND COL=0
INSERT INTO MOVIETHEATERS VALUES('Peter Rabbit','Cinema City Northgate','14:40',4,0,1)
SET AUTOCOMMIT TRUE
SET AUTOCOMMIT FALSE
DELETE FROM MOVIETHEATERS WHERE MOVIENAME='Peter Rabbit' AND THEATERNAME='Cinema City Northgate' AND SHOWTIME='14:40' AND ROW=4 AND COL=1
INSERT INTO MOVIETHEATERS VALUES('Peter Rabbit','Cinema City Northgate','14:40',4,1,1)
SET AUTOCOMMIT TRUE
SET AUTOCOMMIT FALSE
DELETE FROM MOVIETHEATERS WHERE MOVIENAME='Peter Rabbit' AND THEATERNAME='Cinema City Northgate' AND SHOWTIME='14:40' AND ROW=4 AND COL=2
INSERT INTO MOVIETHEATERS VALUES('Peter Rabbit','Cinema City Northgate','14:40',4,2,1)
SET AUTOCOMMIT TRUE
SET AUTOCOMMIT FALSE
DELETE FROM MOVIETHEATERS WHERE MOVIENAME='Peter Rabbit' AND THEATERNAME='Cinema City Northgate' AND SHOWTIME='14:40' AND ROW=4 AND COL=3
INSERT INTO MOVIETHEATERS VALUES('Peter Rabbit','Cinema City Northgate','14:40',4,3,1)
SET AUTOCOMMIT TRUE
SET AUTOCOMMIT FALSE
DELETE FROM MOVIETHEATERS WHERE MOVIENAME='Peter Rabbit' AND THEATERNAME='Cinema City Northgate' AND SHOWTIME='14:40' AND ROW=4 AND COL=4
INSERT INTO MOVIETHEATERS VALUES('Peter Rabbit','Cinema City Northgate','14:40',4,4,1)
SET AUTOCOMMIT TRUE
/*C7*/SET SCHEMA PUBLIC
CONNECT USER SA
/*C8*/SET SCHEMA PUBLIC
CONNECT USER SA
INSERT INTO TICKETS VALUES('Fifty Shades Freed','Cinema City Northgate','13:20',0,0)
INSERT INTO TICKETS VALUES('Fifty Shades Freed','Cineplex Odeon McGillivray Cinemas','12:00',0,0)
INSERT INTO TICKETS VALUES('Fifty Shades Freed','Famous Players Kildonan Place Cinemas','13:30',0,0)
INSERT INTO TICKETS VALUES('Fifty Shades Freed','Scotiabank Theatre Winnipeg','14:40',0,0)
INSERT INTO TICKETS VALUES('Fifty Shades Freed','SilverCity St.Vital Cinemas','14:00',0,0)
/*C9*/SET SCHEMA PUBLIC
CONNECT USER SA
SET AUTOCOMMIT FALSE
DELETE FROM MOVIETHEATERS WHERE MOVIENAME='Jumangi: Welcome to the Jungle' AND THEATERNAME='Cinema City Northgate' AND SHOWTIME='19:10' AND ROW=0 AND COL=0
INSERT INTO MOVIETHEATERS VALUES('Jumangi: Welcome to the Jungle','Cinema City Northgate','19:10',0,0,1)
SET AUTOCOMMIT TRUE
SET AUTOCOMMIT FALSE
DELETE FROM MOVIETHEATERS WHERE MOVIENAME='Jumangi: Welcome to the Jungle' AND THEATERNAME='Cinema City Northgate' AND SHOWTIME='19:10' AND ROW=4 AND COL=4
INSERT INTO MOVIETHEATERS VALUES('Jumangi: Welcome to the Jungle','Cinema City Northgate','19:10',4,4,1)
SET AUTOCOMMIT TRUE
SET AUTOCOMMIT FALSE
DELETE FROM MOVIETHEATERS WHERE MOVIENAME='Jumangi: Welcome to the Jungle' AND THEATERNAME='Cinema City Northgate' AND SHOWTIME='19:10' AND ROW=0 AND COL=1
INSERT INTO MOVIETHEATERS VALUES('Jumangi: Welcome to the Jungle','Cinema City Northgate','19:10',0,1,1)
SET AUTOCOMMIT TRUE
SET AUTOCOMMIT FALSE
DELETE FROM MOVIETHEATERS WHERE MOVIENAME='Jumangi: Welcome to the Jungle' AND THEATERNAME='Cinema City Northgate' AND SHOWTIME='19:10' AND ROW=0 AND COL=2
INSERT INTO MOVIETHEATERS VALUES('Jumangi: Welcome to the Jungle','Cinema City Northgate','19:10',0,2,1)
SET AUTOCOMMIT TRUE
SET AUTOCOMMIT FALSE
DELETE FROM MOVIETHEATERS WHERE MOVIENAME='Jumangi: Welcome to the Jungle' AND THEATERNAME='Cinema City Northgate' AND SHOWTIME='19:10' AND ROW=0 AND COL=3
INSERT INTO MOVIETHEATERS VALUES('Jumangi: Welcome to the Jungle','Cinema City Northgate','19:10',0,3,1)
SET AUTOCOMMIT TRUE
SET AUTOCOMMIT FALSE
DELETE FROM MOVIETHEATERS WHERE MOVIENAME='Jumangi: Welcome to the Jungle' AND THEATERNAME='Cinema City Northgate' AND SHOWTIME='19:10' AND ROW=0 AND COL=4
INSERT INTO MOVIETHEATERS VALUES('Jumangi: Welcome to the Jungle','Cinema City Northgate','19:10',0,4,1)
SET AUTOCOMMIT TRUE
SET AUTOCOMMIT FALSE
DELETE FROM MOVIETHEATERS WHERE MOVIENAME='Jumangi: Welcome to the Jungle' AND THEATERNAME='Cinema City Northgate' AND SHOWTIME='19:10' AND ROW=1 AND COL=0
INSERT INTO MOVIETHEATERS VALUES('Jumangi: Welcome to the Jungle','Cinema City Northgate','19:10',1,0,1)
SET AUTOCOMMIT TRUE
SET AUTOCOMMIT FALSE
DELETE FROM MOVIETHEATERS WHERE MOVIENAME='Jumangi: Welcome to the Jungle' AND THEATERNAME='Cinema City Northgate' AND SHOWTIME='19:10' AND ROW=1 AND COL=1
INSERT INTO MOVIETHEATERS VALUES('Jumangi: Welcome to the Jungle','Cinema City Northgate','19:10',1,1,1)
SET AUTOCOMMIT TRUE
SET AUTOCOMMIT FALSE
DELETE FROM MOVIETHEATERS WHERE MOVIENAME='Jumangi: Welcome to the Jungle' AND THEATERNAME='Cinema City Northgate' AND SHOWTIME='19:10' AND ROW=1 AND COL=2
INSERT INTO MOVIETHEATERS VALUES('Jumangi: Welcome to the Jungle','Cinema City Northgate','19:10',1,2,1)
SET AUTOCOMMIT TRUE
SET AUTOCOMMIT FALSE
DELETE FROM MOVIETHEATERS WHERE MOVIENAME='Jumangi: Welcome to the Jungle' AND THEATERNAME='Cinema City Northgate' AND SHOWTIME='19:10' AND ROW=1 AND COL=3
INSERT INTO MOVIETHEATERS VALUES('Jumangi: Welcome to the Jungle','Cinema City Northgate','19:10',1,3,1)
SET AUTOCOMMIT TRUE
SET AUTOCOMMIT FALSE
DELETE FROM MOVIETHEATERS WHERE MOVIENAME='Jumangi: Welcome to the Jungle' AND THEATERNAME='Cinema City Northgate' AND SHOWTIME='19:10' AND ROW=1 AND COL=4
INSERT INTO MOVIETHEATERS VALUES('Jumangi: Welcome to the Jungle','Cinema City Northgate','19:10',1,4,1)
SET AUTOCOMMIT TRUE
SET AUTOCOMMIT FALSE
DELETE FROM MOVIETHEATERS WHERE MOVIENAME='Jumangi: Welcome to the Jungle' AND THEATERNAME='Cinema City Northgate' AND SHOWTIME='19:10' AND ROW=2 AND COL=0
INSERT INTO MOVIETHEATERS VALUES('Jumangi: Welcome to the Jungle','Cinema City Northgate','19:10',2,0,1)
SET AUTOCOMMIT TRUE
SET AUTOCOMMIT FALSE
DELETE FROM MOVIETHEATERS WHERE MOVIENAME='Jumangi: Welcome to the Jungle' AND THEATERNAME='Cinema City Northgate' AND SHOWTIME='19:10' AND ROW=2 AND COL=1
INSERT INTO MOVIETHEATERS VALUES('Jumangi: Welcome to the Jungle','Cinema City Northgate','19:10',2,1,1)
SET AUTOCOMMIT TRUE
SET AUTOCOMMIT FALSE
DELETE FROM MOVIETHEATERS WHERE MOVIENAME='Jumangi: Welcome to the Jungle' AND THEATERNAME='Cinema City Northgate' AND SHOWTIME='19:10' AND ROW=2 AND COL=2
INSERT INTO MOVIETHEATERS VALUES('Jumangi: Welcome to the Jungle','Cinema City Northgate','19:10',2,2,1)
SET AUTOCOMMIT TRUE
SET AUTOCOMMIT FALSE
DELETE FROM MOVIETHEATERS WHERE MOVIENAME='Jumangi: Welcome to the Jungle' AND THEATERNAME='Cinema City Northgate' AND SHOWTIME='19:10' AND ROW=2 AND COL=3
INSERT INTO MOVIETHEATERS VALUES('Jumangi: Welcome to the Jungle','Cinema City Northgate','19:10',2,3,1)
SET AUTOCOMMIT TRUE
SET AUTOCOMMIT FALSE
DELETE FROM MOVIETHEATERS WHERE MOVIENAME='Jumangi: Welcome to the Jungle' AND THEATERNAME='Cinema City Northgate' AND SHOWTIME='19:10' AND ROW=2 AND COL=4
INSERT INTO MOVIETHEATERS VALUES('Jumangi: Welcome to the Jungle','Cinema City Northgate','19:10',2,4,1)
SET AUTOCOMMIT TRUE
SET AUTOCOMMIT FALSE
DELETE FROM MOVIETHEATERS WHERE MOVIENAME='Jumangi: Welcome to the Jungle' AND THEATERNAME='Cinema City Northgate' AND SHOWTIME='19:10' AND ROW=3 AND COL=0
INSERT INTO MOVIETHEATERS VALUES('Jumangi: Welcome to the Jungle','Cinema City Northgate','19:10',3,0,1)
SET AUTOCOMMIT TRUE
SET AUTOCOMMIT FALSE
DELETE FROM MOVIETHEATERS WHERE MOVIENAME='Jumangi: Welcome to the Jungle' AND THEATERNAME='Cinema City Northgate' AND SHOWTIME='19:10' AND ROW=3 AND COL=1
INSERT INTO MOVIETHEATERS VALUES('Jumangi: Welcome to the Jungle','Cinema City Northgate','19:10',3,1,1)
SET AUTOCOMMIT TRUE
SET AUTOCOMMIT FALSE
DELETE FROM MOVIETHEATERS WHERE MOVIENAME='Jumangi: Welcome to the Jungle' AND THEATERNAME='Cinema City Northgate' AND SHOWTIME='19:10' AND ROW=3 AND COL=2
INSERT INTO MOVIETHEATERS VALUES('Jumangi: Welcome to the Jungle','Cinema City Northgate','19:10',3,2,1)
SET AUTOCOMMIT TRUE
SET AUTOCOMMIT FALSE
DELETE FROM MOVIETHEATERS WHERE MOVIENAME='Jumangi: Welcome to the Jungle' AND THEATERNAME='Cinema City Northgate' AND SHOWTIME='19:10' AND ROW=3 AND COL=3
INSERT INTO MOVIETHEATERS VALUES('Jumangi: Welcome to the Jungle','Cinema City Northgate','19:10',3,3,1)
SET AUTOCOMMIT TRUE
SET AUTOCOMMIT FALSE
DELETE FROM MOVIETHEATERS WHERE MOVIENAME='Jumangi: Welcome to the Jungle' AND THEATERNAME='Cinema City Northgate' AND SHOWTIME='19:10' AND ROW=3 AND COL=4
INSERT INTO MOVIETHEATERS VALUES('Jumangi: Welcome to the Jungle','Cinema City Northgate','19:10',3,4,1)
SET AUTOCOMMIT TRUE
SET AUTOCOMMIT FALSE
DELETE FROM MOVIETHEATERS WHERE MOVIENAME='Jumangi: Welcome to the Jungle' AND THEATERNAME='Cinema City Northgate' AND SHOWTIME='19:10' AND ROW=4 AND COL=0
INSERT INTO MOVIETHEATERS VALUES('Jumangi: Welcome to the Jungle','Cinema City Northgate','19:10',4,0,1)
SET AUTOCOMMIT TRUE
SET AUTOCOMMIT FALSE
DELETE FROM MOVIETHEATERS WHERE MOVIENAME='Jumangi: Welcome to the Jungle' AND THEATERNAME='Cinema City Northgate' AND SHOWTIME='19:10' AND ROW=4 AND COL=1
INSERT INTO MOVIETHEATERS VALUES('Jumangi: Welcome to the Jungle','Cinema City Northgate','19:10',4,1,1)
SET AUTOCOMMIT TRUE
SET AUTOCOMMIT FALSE
